0 info it worked if it ends with ok
1 verbose cli [ '/usr/local/bin/node', '/usr/local/bin/npm', 'run', 'lint' ]
2 info using npm@3.10.10
3 info using node@v6.11.3
4 verbose run-script [ 'prelint', 'lint', 'postlint' ]
5 info lifecycle gulp-plugin-template@0.0.0~prelint: gulp-plugin-template@0.0.0
6 silly lifecycle gulp-plugin-template@0.0.0~prelint: no script for prelint, continuing
7 info lifecycle gulp-plugin-template@0.0.0~lint: gulp-plugin-template@0.0.0
8 verbose lifecycle gulp-plugin-template@0.0.0~lint: unsafe-perm in lifecycle true
9 verbose lifecycle gulp-plugin-template@0.0.0~lint: PATH: /usr/local/lib/node_modules/npm/bin/node-gyp-bin:/Users/haolchen/Documents/__self__/__gulp__/gulp-plugin-boilerplate/node_modules/.bin:/usr/local/bin:/usr/bin:/bin:/usr/sbin:/sbin
10 verbose lifecycle gulp-plugin-template@0.0.0~lint: CWD: /Users/haolchen/Documents/__self__/__gulp__/gulp-plugin-boilerplate
11 silly lifecycle gulp-plugin-template@0.0.0~lint: Args: [ '-c', 'standard' ]
12 info lifecycle gulp-plugin-template@0.0.0~lint: Failed to exec lint script
13 verbose stack Error: gulp-plugin-template@0.0.0 lint: `standard`
13 verbose stack spawn ENOENT
13 verbose stack     at ChildProcess.<anonymous> (/usr/local/lib/node_modules/npm/lib/utils/spawn.js:33:16)
13 verbose stack     at emitTwo (events.js:106:13)
13 verbose stack     at ChildProcess.emit (events.js:191:7)
13 verbose stack     at maybeClose (internal/child_process.js:920:16)
13 verbose stack     at Process.ChildProcess._handle.onexit (internal/child_process.js:230:5)
14 verbose pkgid gulp-plugin-template@0.0.0
15 verbose cwd /Users/haolchen/Documents/__self__/__gulp__/gulp-plugin-boilerplate
16 error Darwin 16.7.0
17 error argv "/usr/local/bin/node" "/usr/local/bin/npm" "run" "lint"
18 error node v6.11.3
19 error npm  v3.10.10
20 error file sh
21 error code ELIFECYCLE
22 error errno ENOENT
23 error syscall spawn
24 error gulp-plugin-template@0.0.0 lint: `standard`
24 error spawn ENOENT
25 error Failed at the gulp-plugin-template@0.0.0 lint script 'standard'.
25 error Make sure you have the latest version of node.js and npm installed.
25 error If you do, this is most likely a problem with the gulp-plugin-template package,
25 error not with npm itself.
25 error Tell the author that this fails on your system:
25 error     standard
25 error You can get information on how to open an issue for this project with:
25 error     npm bugs gulp-plugin-template
25 error Or if that isn't available, you can get their info via:
25 error     npm owner ls gulp-plugin-template
25 error There is likely additional logging output above.
26 verbose exit [ 1, true ]
